# JRE version: OpenJDK Runtime Environment (8.0_152-b06) (build 1.8.0_152-release-1136-b06)
# Java VM: OpenJDK 64-Bit Server VM (25.152-b06 mixed mode windows-amd64 compressed oops)
Heap:
 PSYoungGen      total 151552K, used 88887K [0x00000000e0000000, 0x00000000ec680000, 0x0000000100000000)
  eden space 116736K, 46% used [0x00000000e0000000,0x00000000e34d5c60,0x00000000e7200000)
  from space 34816K, 99% used [0x00000000e7200000,0x00000000e93f8330,0x00000000e9400000)
  to   space 20992K, 0% used [0x00000000e9400000,0x00000000e9400000,0x00000000ea880000)
 ParOldGen       total 156160K, used 102497K [0x00000000a0000000, 0x00000000a9880000, 0x00000000e0000000)
  object space 156160K, 65% used [0x00000000a0000000,0x00000000a6418670,0x00000000a9880000)
 Metaspace       used 76699K, capacity 79340K, committed 79744K, reserved 1118208K
  class space    used 9926K, capacity 10504K, committed 10624K, reserved 1048576K
GC Heap History (10 events):
Event: 304.047 GC heap before
{Heap before GC invocations=61 (full 5):
 PSYoungGen      total 115712K, used 101228K [0x00000000e0000000, 0x00000000e8e00000, 0x0000000100000000)
  eden space 101376K, 99% used [0x00000000e0000000,0x00000000e62db0c8,0x00000000e6300000)
  from space 14336K, 0% used [0x00000000e6300000,0x00000000e6300000,0x00000000e7100000)
  to   space 13824K, 0% used [0x00000000e8080000,0x00000000e8080000,0x00000000e8e00000)
 ParOldGen       total 99328K, used 59451K [0x00000000a0000000, 0x00000000a6100000, 0x00000000e0000000)
  object space 99328K, 59% used [0x00000000a0000000,0x00000000a3a0ee08,0x00000000a6100000)
 Metaspace       used 75966K, capacity 78488K, committed 78976K, reserved 1118208K
  class space    used 9869K, capacity 10410K, committed 10624K, reserved 1048576K
Event: 304.055 GC heap after
Heap after GC invocations=61 (full 5):
 PSYoungGen      total 126464K, used 1696K [0x00000000e0000000, 0x00000000e8b00000, 0x0000000100000000)
  eden space 115712K, 0% used [0x00000000e0000000,0x00000000e0000000,0x00000000e7100000)
  from space 10752K, 15% used [0x00000000e8080000,0x00000000e8228010,0x00000000e8b00000)
  to   space 13312K, 0% used [0x00000000e7100000,0x00000000e7100000,0x00000000e7e00000)
 ParOldGen       total 99328K, used 59459K [0x00000000a0000000, 0x00000000a6100000, 0x00000000e0000000)
  object space 99328K, 59% used [0x00000000a0000000,0x00000000a3a10e08,0x00000000a6100000)
 Metaspace       used 75966K, capacity 78488K, committed 78976K, reserved 1118208K
  class space    used 9869K, capacity 10410K, committed 10624K, reserved 1048576K
}
Event: 309.177 GC heap before
{Heap before GC invocations=62 (full 5):
 PSYoungGen      total 126464K, used 117408K [0x00000000e0000000, 0x00000000e8b00000, 0x0000000100000000)
  eden space 115712K, 100% used [0x00000000e0000000,0x00000000e7100000,0x00000000e7100000)
  from space 10752K, 15% used [0x00000000e8080000,0x00000000e8228010,0x00000000e8b00000)
  to   space 13312K, 0% used [0x00000000e7100000,0x00000000e7100000,0x00000000e7e00000)
 ParOldGen       total 99328K, used 59459K [0x00000000a0000000, 0x00000000a6100000, 0x00000000e0000000)
  object space 99328K, 59% used [0x00000000a0000000,0x00000000a3a10e08,0x00000000a6100000)
 Metaspace       used 76242K, capacity 78832K, committed 79232K, reserved 1118208K
  class space    used 9898K, capacity 10454K, committed 10624K, reserved 1048576K
Event: 309.214 GC heap after
Heap after GC invocations=62 (full 5):
 PSYoungGen      total 129024K, used 13301K [0x00000000e0000000, 0x00000000ea880000, 0x0000000100000000)
  eden space 115712K, 0% used [0x00000000e0000000,0x00000000e0000000,0x00000000e7100000)
  from space 13312K, 99% used [0x00000000e7100000,0x00000000e7dfd4c0,0x00000000e7e00000)
  to   space 20992K, 0% used [0x00000000e9400000,0x00000000e9400000,0x00000000ea880000)
 ParOldGen       total 99328K, used 73447K [0x00000000a0000000, 0x00000000a6100000, 0x00000000e0000000)
  object space 99328K, 73% used [0x00000000a0000000,0x00000000a47b9c38,0x00000000a6100000)
 Metaspace       used 76242K, capacity 78832K, committed 79232K, reserved 1118208K
  class space    used 9898K, capacity 10454K, committed 10624K, reserved 1048576K
}
Event: 311.373 GC heap before
{Heap before GC invocations=63 (full 5):
 PSYoungGen      total 129024K, used 129013K [0x00000000e0000000, 0x00000000ea880000, 0x0000000100000000)
  eden space 115712K, 100% used [0x00000000e0000000,0x00000000e7100000,0x00000000e7100000)
  from space 13312K, 99% used [0x00000000e7100000,0x00000000e7dfd4c0,0x00000000e7e00000)
  to   space 20992K, 0% used [0x00000000e9400000,0x00000000e9400000,0x00000000ea880000)
 ParOldGen       total 99328K, used 73447K [0x00000000a0000000, 0x00000000a6100000, 0x00000000e0000000)
  object space 99328K, 73% used [0x00000000a0000000,0x00000000a47b9c38,0x00000000a6100000)
 Metaspace       used 76617K, capacity 79216K, committed 79488K, reserved 1118208K
  class space    used 9925K, capacity 10504K, committed 10624K, reserved 1048576K
Event: 311.528 GC heap after
Heap after GC invocations=63 (full 5):
 PSYoungGen      total 137728K, used 20960K [0x00000000e0000000, 0x00000000ec680000, 0x0000000100000000)
  eden space 116736K, 0% used [0x00000000e0000000,0x00000000e0000000,0x00000000e7200000)
  from space 20992K, 99% used [0x00000000e9400000,0x00000000ea878110,0x00000000ea880000)
  to   space 34816K, 0% used [0x00000000e7200000,0x00000000e7200000,0x00000000e9400000)
 ParOldGen       total 100864K, used 100608K [0x00000000a0000000, 0x00000000a6280000, 0x00000000e0000000)
  object space 100864K, 99% used [0x00000000a0000000,0x00000000a62402e0,0x00000000a6280000)
 Metaspace       used 76617K, capacity 79216K, committed 79488K, reserved 1118208K
  class space    used 9925K, capacity 10504K, committed 10624K, reserved 1048576K
}
Event: 311.528 GC heap before
{Heap before GC invocations=64 (full 6):
 PSYoungGen      total 137728K, used 20960K [0x00000000e0000000, 0x00000000ec680000, 0x0000000100000000)
  eden space 116736K, 0% used [0x00000000e0000000,0x00000000e0000000,0x00000000e7200000)
  from space 20992K, 99% used [0x00000000e9400000,0x00000000ea878110,0x00000000ea880000)
  to   space 34816K, 0% used [0x00000000e7200000,0x00000000e7200000,0x00000000e9400000)
 ParOldGen       total 100864K, used 100608K [0x00000000a0000000, 0x00000000a6280000, 0x00000000e0000000)
  object space 100864K, 99% used [0x00000000a0000000,0x00000000a62402e0,0x00000000a6280000)
 Metaspace       used 76617K, capacity 79216K, committed 79488K, reserved 1118208K
  class space    used 9925K, capacity 10504K, committed 10624K, reserved 1048576K
Event: 312.327 GC heap after
Heap after GC invocations=64 (full 6):
 PSYoungGen      total 137728K, used 0K [0x00000000e0000000, 0x00000000ec680000, 0x0000000100000000)
  eden space 116736K, 0% used [0x00000000e0000000,0x00000000e0000000,0x00000000e7200000)
  from space 20992K, 0% used [0x00000000e9400000,0x00000000e9400000,0x00000000ea880000)
  to   space 34816K, 0% used [0x00000000e7200000,0x00000000e7200000,0x00000000e9400000)
 ParOldGen       total 156160K, used 97353K [0x00000000a0000000, 0x00000000a9880000, 0x00000000e0000000)
  object space 156160K, 62% used [0x00000000a0000000,0x00000000a5f12650,0x00000000a9880000)
 Metaspace       used 76610K, capacity 79198K, committed 79488K, reserved 1118208K
  class space    used 9922K, capacity 10499K, committed 10624K, reserved 1048576K
}
Event: 313.786 GC heap before
{Heap before GC invocations=65 (full 6):
 PSYoungGen      total 137728K, used 116736K [0x00000000e0000000, 0x00000000ec680000, 0x0000000100000000)
  eden space 116736K, 100% used [0x00000000e0000000,0x00000000e7200000,0x00000000e7200000)
  from space 20992K, 0% used [0x00000000e9400000,0x00000000e9400000,0x00000000ea880000)
  to   space 34816K, 0% used [0x00000000e7200000,0x00000000e7200000,0x00000000e9400000)
 ParOldGen       total 156160K, used 97353K [0x00000000a0000000, 0x00000000a9880000, 0x00000000e0000000)
  object space 156160K, 62% used [0x00000000a0000000,0x00000000a5f12650,0x00000000a9880000)
 Metaspace       used 76691K, capacity 79340K, committed 79744K, reserved 1118208K
  class space    used 9926K, capacity 10504K, committed 10624K, reserved 1048576K
Event: 313.865 GC heap after
Heap after GC invocations=65 (full 6):
 PSYoungGen      total 151552K, used 34784K [0x00000000e0000000, 0x00000000ec680000, 0x0000000100000000)
  eden space 116736K, 0% used [0x00000000e0000000,0x00000000e0000000,0x00000000e7200000)
  from space 34816K, 99% used [0x00000000e7200000,0x00000000e93f8330,0x00000000e9400000)
  to   space 20992K, 0% used [0x00000000e9400000,0x00000000e9400000,0x00000000ea880000)
 ParOldGen       total 156160K, used 102497K [0x00000000a0000000, 0x00000000a9880000, 0x00000000e0000000)
  object space 156160K, 65% used [0x00000000a0000000,0x00000000a6418670,0x00000000a9880000)
 Metaspace       used 76691K, capacity 79340K, committed 79744K, reserved 1118208K
  class space    used 9926K, capacity 10504K, committed 10624K, reserved 1048576K
}

